Determining if the pthread_create exist failed with the following output:
Change Dir: /home/saad/Wall-E-CoppeliaSim/Task_3/bin//CMakeFiles/CMakeTmp

Run Build Command:"/usr/bin/make" "cmTC_c59d2/fast"
/usr/bin/make -f CMakeFiles/cmTC_c59d2.dir/build.make CMakeFiles/cmTC_c59d2.dir/build
make[1]: Entering directory '/home/saad/Wall-E-CoppeliaSim/Task_3/bin/CMakeFiles/CMakeTmp'
Building C object CMakeFiles/cmTC_c59d2.dir/CheckSymbolExists.c.o
/usr/bin/cc    -o CMakeFiles/cmTC_c59d2.dir/CheckSymbolExists.c.o   -c /home/saad/Wall-E-CoppeliaSim/Task_3/bin/CMakeFiles/CMakeTmp/CheckSymbolExists.c
Linking C executable cmTC_c59d2
/usr/bin/cmake -E cmake_link_script CMakeFiles/cmTC_c59d2.dir/link.txt --verbose=1
/usr/bin/cc      CMakeFiles/cmTC_c59d2.dir/CheckSymbolExists.c.o  -o cmTC_c59d2 
CMakeFiles/cmTC_c59d2.dir/CheckSymbolExists.c.o: In function `main':
CheckSymbolExists.c:(.text+0x1b): undefined reference to `pthread_create'
collect2: error: ld returned 1 exit status
CMakeFiles/cmTC_c59d2.dir/build.make:97: recipe for target 'cmTC_c59d2' failed
make[1]: *** [cmTC_c59d2] Error 1
make[1]: Leaving directory '/home/saad/Wall-E-CoppeliaSim/Task_3/bin/CMakeFiles/CMakeTmp'
Makefile:126: recipe for target 'cmTC_c59d2/fast' failed
make: *** [cmTC_c59d2/fast] Error 2

File /home/saad/Wall-E-CoppeliaSim/Task_3/bin//CMakeFiles/CMakeTmp/CheckSymbolExists.c:
/* */
#include <pthread.h>

int main(int argc, char** argv)
{
  (void)argv;
#ifndef pthread_create
  return ((int*)(&pthread_create))[argc];
#else
  (void)argc;
  return 0;
#endif
}

Determining if the function pthread_create exists in the pthreads failed with the following output:
Change Dir: /home/saad/Wall-E-CoppeliaSim/Task_3/bin//CMakeFiles/CMakeTmp

Run Build Command:"/usr/bin/make" "cmTC_a70cb/fast"
/usr/bin/make -f CMakeFiles/cmTC_a70cb.dir/build.make CMakeFiles/cmTC_a70cb.dir/build
make[1]: Entering directory '/home/saad/Wall-E-CoppeliaSim/Task_3/bin/CMakeFiles/CMakeTmp'
Building C object CMakeFiles/cmTC_a70cb.dir/CheckFunctionExists.c.o
/usr/bin/cc   -DCHECK_FUNCTION_EXISTS=pthread_create   -o CMakeFiles/cmTC_a70cb.dir/CheckFunctionExists.c.o   -c /usr/share/cmake-3.10/Modules/CheckFunctionExists.c
Linking C executable cmTC_a70cb
/usr/bin/cmake -E cmake_link_script CMakeFiles/cmTC_a70cb.dir/link.txt --verbose=1
/usr/bin/cc  -DCHECK_FUNCTION_EXISTS=pthread_create    CMakeFiles/cmTC_a70cb.dir/CheckFunctionExists.c.o  -o cmTC_a70cb -lpthreads 
/usr/bin/ld: cannot find -lpthreads
collect2: error: ld returned 1 exit status
CMakeFiles/cmTC_a70cb.dir/build.make:97: recipe for target 'cmTC_a70cb' failed
make[1]: *** [cmTC_a70cb] Error 1
make[1]: Leaving directory '/home/saad/Wall-E-CoppeliaSim/Task_3/bin/CMakeFiles/CMakeTmp'
Makefile:126: recipe for target 'cmTC_a70cb/fast' failed
make: *** [cmTC_a70cb/fast] Error 2


